   [36minfo  -[39m socket.io started

events.js:66
        throw arguments[1]; // Unhandled 'error' event
                       ^
Error: listen EADDRINUSE
    at errnoException (net.js:782:11)
    at HTTPServer.Server._listen2 (net.js:921:14)
    at listen (net.js:948:10)
    at HTTPServer.Server.listen (net.js:997:5)
    at Object.<anonymous> (/home/harsh/final/app.js:4:5)
    at Module._compile (module.js:449:26)
    at Object.Module._extensions..js (module.js:467:10)
    at Module.load (module.js:356:32)
    at Function.Module._load (module.js:312:12)
    at Module.runMain (module.js:492:10)
   [36minfo  -[39m socket.io started

events.js:66
        throw arguments[1]; // Unhandled 'error' event
                       ^
Error: listen EADDRINUSE
    at errnoException (net.js:782:11)
    at HTTPServer.Server._listen2 (net.js:921:14)
    at listen (net.js:948:10)
    at HTTPServer.Server.listen (net.js:997:5)
    at Object.<anonymous> (/home/harsh/final/app.js:4:5)
    at Module._compile (module.js:449:26)
    at Object.Module._extensions..js (module.js:467:10)
    at Module.load (module.js:356:32)
    at Function.Module._load (module.js:312:12)
    at Module.runMain (module.js:492:10)
